2021-02-28 12:08:00,940 INFO c.e.d.c.UserController [main] Creating user test
2021-02-28 12:08:45,702 INFO c.e.d.c.UserController [main] Creating user test
2021-02-28 12:09:27,118 INFO c.e.d.c.UserController [main] Creating user test
2021-02-28 13:54:16,473 INFO c.e.d.c.UserController [main] Creating user test
2021-02-28 13:55:48,892 INFO c.e.d.c.UserController [main] Creating user test
2021-02-28 14:00:26,780 INFO c.e.d.c.UserController [main] Creating user test
2021-02-28 14:06:08,034 INFO c.e.d.c.UserController [main] Creating user test
2021-02-28 14:06:16,005 INFO c.e.d.c.UserController [main] Creating user test
2021-02-28 14:07:34,692 INFO c.e.d.c.UserController [main] Creating user test
2021-02-28 15:25:14,589 INFO c.e.d.c.UserController [main] Creating user test
2021-02-28 15:25:14,602 ERROR c.e.d.c.UserController [main] Error with password. Cannot create user test!
2021-02-28 15:25:36,701 INFO c.e.d.c.UserController [main] Creating user test
2021-02-28 15:25:36,712 ERROR c.e.d.c.UserController [main] Error with password. Cannot create user test!
2021-02-28 15:25:45,807 INFO c.e.d.c.UserController [main] Creating user test
2021-02-28 15:25:45,820 INFO c.e.d.c.UserController [main] Creating user test
2021-02-28 15:25:45,822 ERROR c.e.d.c.UserController [main] Error with password. Cannot create user test!
2021-03-13 16:05:27,593 INFO c.e.d.c.UserController [main] Creating user test
2021-03-13 16:05:27,608 INFO c.e.d.c.UserController [main] Value of username is 
2021-03-13 16:05:27,613 INFO c.e.d.c.UserController [main] Creating user test
2021-03-13 16:05:27,615 INFO c.e.d.c.UserController [main] Value of username is 
2021-03-13 16:05:27,615 ERROR c.e.d.c.UserController [main] Error with password. Cannot create user test!
2021-03-13 16:45:22,490 INFO c.e.d.c.UserController [main] Creating user test
2021-03-13 16:45:22,504 INFO c.e.d.c.UserController [main] Value of username is 
2021-03-13 16:45:22,508 INFO c.e.d.c.UserController [main] Creating user test
2021-03-13 16:45:22,509 INFO c.e.d.c.UserController [main] Value of username is 
2021-03-13 16:45:22,510 ERROR c.e.d.c.UserController [main] Error with password. Cannot create user test!
2021-03-13 17:59:47,300 INFO c.e.d.c.UserController [main] Creating user test
2021-03-13 17:59:47,311 INFO c.e.d.c.UserController [main] Value of username is 
2021-03-13 17:59:47,314 INFO c.e.d.c.UserController [main] Creating user test
2021-03-13 17:59:47,317 INFO c.e.d.c.UserController [main] Value of username is 
2021-03-13 17:59:47,318 ERROR c.e.d.c.UserController [main] Error with password. Cannot create user test!
2021-03-21 20:09:25,389 INFO c.e.d.SareetaApplication [main] Starting SareetaApplication on MACASE.fritz.box with PID 12154 (/Users/arndt/Documents/05Training/12jwd/04Security/eCommerce/target/classes started by arndt in /Users/arndt/Documents/05Training/12jwd/04Security/eCommerce)
2021-03-21 20:09:25,414 DEBUG c.e.d.SareetaApplication [main] Running with Spring Boot v2.1.5.RELEASE, Spring v5.1.7.RELEASE
2021-03-21 20:09:25,416 INFO c.e.d.SareetaApplication [main] No active profile set, falling back to default profiles: default
2021-03-21 20:57:17,060 INFO c.e.d.c.UserController [main] Creating user test...
2021-03-21 20:57:17,086 ERROR c.e.d.c.UserController [main] Error with password. Cannot create user test!
2021-03-21 20:57:17,210 INFO c.e.d.c.UserController [main] Creating user test...
2021-03-21 20:57:17,211 INFO c.e.d.c.UserController [main] SUCCESS! New user created
2021-03-21 20:57:17,214 INFO c.e.d.c.UserController [main] Creating user test...
2021-03-21 20:57:17,215 ERROR c.e.d.c.UserController [main] Error with password. Cannot create user test!
2021-03-21 20:57:17,429 INFO c.e.d.c.OrderController [main] Item (Id:1) removed.
2021-03-21 20:57:17,429 WARN c.e.d.c.OrderController [main] No matching user found. No item was removed.
2021-03-21 20:57:17,446 WARN c.e.d.c.OrderController [main] Item with Id 0 not found. No item was removed.
2021-03-21 20:57:17,453 WARN c.e.d.c.OrderController [main] No matching user found. No item was removed.
2021-03-21 20:57:17,456 WARN c.e.d.c.OrderController [main] Item (Id:0) not found. No item was added.
2021-03-21 20:57:17,593 INFO c.e.d.c.OrderController [main] Submitting order...
2021-03-21 20:57:17,595 INFO c.e.d.c.OrderController [main] SUCCESS! New order submitted.
2021-03-21 20:57:17,596 INFO c.e.d.c.OrderController [main] Submitting order...
2021-03-21 20:57:17,597 WARN c.e.d.c.OrderController [main] No matching user found. Submission cancelled.
2021-03-21 21:18:35,622 INFO c.e.d.SareetaApplication [main] Starting SareetaApplication v0.0.1-SNAPSHOT on MACASE.fritz.box with PID 13374 (/Users/arndt/Documents/05Training/12jwd/04Security/eCommerce/target/auth-course-0.0.1-SNAPSHOT.jar started by arndt in /Users/arndt/Documents/05Training/12jwd/04Security/eCommerce)
2021-03-21 21:18:35,651 DEBUG c.e.d.SareetaApplication [main] Running with Spring Boot v2.1.5.RELEASE, Spring v5.1.7.RELEASE
2021-03-21 21:18:35,653 INFO c.e.d.SareetaApplication [main] No active profile set, falling back to default profiles: default
2021-03-21 21:18:42,965 DEBUG c.e.d.s.JWTAuthenticationVerficationFilter [main] Filter 'JWTAuthenticationVerficationFilter' configured for use
2021-03-21 21:18:44,159 INFO c.e.d.SareetaApplication [main] Started SareetaApplication in 9.429 seconds (JVM running for 11.68)
2021-03-21 21:19:28,856 INFO c.e.d.c.UserController [http-nio-8080-exec-4] Creating user Susie...
2021-03-21 21:19:29,087 INFO c.e.d.c.UserController [http-nio-8080-exec-4] SUCCESS! New user created
2021-03-21 21:25:09,413 INFO c.e.d.c.UserController [main] Creating user test...
2021-03-21 21:25:09,432 ERROR c.e.d.c.UserController [main] Error with password. Cannot create user test!
2021-03-21 21:25:09,509 INFO c.e.d.c.UserController [main] Creating user test...
2021-03-21 21:25:09,511 INFO c.e.d.c.UserController [main] SUCCESS! New user created
2021-03-21 21:25:09,514 INFO c.e.d.c.UserController [main] Creating user test...
2021-03-21 21:25:09,514 ERROR c.e.d.c.UserController [main] Error with password. Cannot create user test!
2021-03-21 21:25:09,652 INFO c.e.d.c.OrderController [main] Item (Id:1) removed.
2021-03-21 21:25:09,653 WARN c.e.d.c.OrderController [main] No matching user found. No item was removed.
2021-03-21 21:25:09,653 WARN c.e.d.c.OrderController [main] Item with Id 0 not found. No item was removed.
2021-03-21 21:25:09,655 WARN c.e.d.c.OrderController [main] No matching user found. No item was removed.
2021-03-21 21:25:09,655 WARN c.e.d.c.OrderController [main] Item (Id:0) not found. No item was added.
2021-03-21 21:25:09,779 INFO c.e.d.c.OrderController [main] Submitting order...
2021-03-21 21:25:09,780 INFO c.e.d.c.OrderController [main] SUCCESS! New order submitted.
2021-03-21 21:25:09,781 INFO c.e.d.c.OrderController [main] Submitting order...
2021-03-21 21:25:09,781 WARN c.e.d.c.OrderController [main] No matching user found. Submission cancelled.
2021-03-21 21:25:26,609 INFO c.e.d.SareetaApplication [main] Starting SareetaApplication v0.0.1-SNAPSHOT on MACASE.fritz.box with PID 13629 (/Users/arndt/Documents/05Training/12jwd/04Security/eCommerce/target/auth-course-0.0.1-SNAPSHOT.jar started by arndt in /Users/arndt/Documents/05Training/12jwd/04Security/eCommerce)
2021-03-21 21:25:26,633 DEBUG c.e.d.SareetaApplication [main] Running with Spring Boot v2.1.5.RELEASE, Spring v5.1.7.RELEASE
2021-03-21 21:25:26,634 INFO c.e.d.SareetaApplication [main] No active profile set, falling back to default profiles: default
2021-03-21 21:25:35,895 DEBUG c.e.d.s.JWTAuthenticationVerficationFilter [main] Filter 'JWTAuthenticationVerficationFilter' configured for use
2021-03-21 21:25:37,386 INFO c.e.d.SareetaApplication [main] Started SareetaApplication in 11.76 seconds (JVM running for 14.005)
2021-03-21 21:25:40,654 INFO c.e.d.c.UserController [http-nio-8889-exec-1] Creating user Susie...
2021-03-21 21:25:41,046 INFO c.e.d.c.UserController [http-nio-8889-exec-1] SUCCESS! New user created
2021-03-21 21:33:12,305 INFO c.e.d.c.UserController [main] Creating user test...
2021-03-21 21:33:12,387 ERROR c.e.d.c.UserController [main] Error with password. Cannot create user test!
2021-03-21 21:33:12,501 INFO c.e.d.c.UserController [main] Creating user test...
2021-03-21 21:33:12,502 INFO c.e.d.c.UserController [main] SUCCESS! New user created
2021-03-21 21:33:12,505 INFO c.e.d.c.UserController [main] Creating user test...
2021-03-21 21:33:12,506 ERROR c.e.d.c.UserController [main] Error with password. Cannot create user test!
2021-03-21 21:33:12,734 INFO c.e.d.c.OrderController [main] Item (Id:1) removed.
2021-03-21 21:33:12,738 WARN c.e.d.c.OrderController [main] No matching user found. No item was removed.
2021-03-21 21:33:12,742 WARN c.e.d.c.OrderController [main] Item with Id 0 not found. No item was removed.
2021-03-21 21:33:12,745 WARN c.e.d.c.OrderController [main] No matching user found. No item was removed.
2021-03-21 21:33:12,748 WARN c.e.d.c.OrderController [main] Item (Id:0) not found. No item was added.
2021-03-21 21:33:12,881 INFO c.e.d.c.OrderController [main] Submitting order...
2021-03-21 21:33:12,884 INFO c.e.d.c.OrderController [main] SUCCESS! New order submitted.
2021-03-21 21:33:12,885 INFO c.e.d.c.OrderController [main] Submitting order...
2021-03-21 21:33:12,886 WARN c.e.d.c.OrderController [main] No matching user found. Submission cancelled.
